0 info it worked if it ends with ok
1 verbose cli [ 'node', '/Users/ryan/.npm-packages/bin/npm', 'publish' ]
2 info using npm@3.3.9
3 info using node@v0.12.7
4 verbose node symlink /usr/local/bin/node
5 verbose publish [ '.' ]
6 silly cache add args [ '.', null ]
7 verbose cache add spec .
8 silly cache add parsed spec { raw: '.',
8 silly cache add   scope: null,
8 silly cache add   name: null,
8 silly cache add   rawSpec: '.',
8 silly cache add   spec: '/Users/ryan/Documents/codefellows/accelerator/nov6/router-sprouter',
8 silly cache add   type: 'directory' }
9 verbose addLocalDirectory /Users/ryan/.npm/router-sprouter/0.1.1/package.tgz not in flight; packing
10 info lifecycle router-sprouter@0.1.1~prepublish: router-sprouter@0.1.1
11 silly lifecycle router-sprouter@0.1.1~prepublish: no script for prepublish, continuing
12 verbose tar pack [ '/Users/ryan/.npm/router-sprouter/0.1.1/package.tgz',
12 verbose tar pack   '/Users/ryan/Documents/codefellows/accelerator/nov6/router-sprouter' ]
13 verbose tarball /Users/ryan/.npm/router-sprouter/0.1.1/package.tgz
14 verbose folder /Users/ryan/Documents/codefellows/accelerator/nov6/router-sprouter
15 verbose addLocalTarball adding from inside cache /Users/ryan/.npm/router-sprouter/0.1.1/package.tgz
16 silly cache afterAdd router-sprouter@0.1.1
17 verbose afterAdd /Users/ryan/.npm/router-sprouter/0.1.1/package/package.json not in flight; writing
18 verbose afterAdd /Users/ryan/.npm/router-sprouter/0.1.1/package/package.json written
19 silly publish { name: 'router-sprouter',
19 silly publish   version: '0.1.1',
19 silly publish   description: 'http router with logging, redirect support, and other helpers',
19 silly publish   main: 'index.js',
19 silly publish   scripts: { test: 'gulp' },
19 silly publish   repository:
19 silly publish    { type: 'git',
19 silly publish      url: 'git+https://github.com/dvicklund/http-framework.git' },
19 silly publish   keywords: [ 'http', 'framework' ],
19 silly publish   author: { name: 'David Vicklund david@vicklund.com' },
19 silly publish   contributors:
19 silly publish    [ { name: 'Jack Sneed', email: 'sneed.jack@gmail.com' },
19 silly publish      { name: 'Ryan Heathers', email: 'ryan@ryanheathers.com' } ],
19 silly publish   license: 'MIT',
19 silly publish   bugs: { url: 'https://github.com/dvicklund/http-framework/issues' },
19 silly publish   homepage: 'https://github.com/dvicklund/http-framework#readme',
19 silly publish   devDependencies:
19 silly publish    { chai: '^3.4.1',
19 silly publish      gulp: '^3.9.0',
19 silly publish      'gulp-jshint': '^1.12.0',
19 silly publish      'gulp-mocha': '^2.1.3',
19 silly publish      mocha: '^2.3.3' },
19 silly publish   readme: '[![Build Status](https://travis-ci.org/dvicklund/http-framework.svg?branch=master)](https://travis-ci.org/dvicklund/http-framework)\n[![Stories in Ready](https://badge.waffle.io/dvicklund/http-framework.png?label=ready&title=Ready)](https://waffle.io/dvicklund/http-framework)\n# HTTP-Framework\n\n## Installation:\n\n`npm install router-sprouter`\n\nThen, require the package into your project.\n\n```\nvar router = require (\'router-sprouter\');\n```\nTo use the Logger and resWriteHead modules, do the following:\n\n```\nvar logger = require(\'router-sprouter\').logger;\nvar resWriteHead = require(\'router-sprouter\').resWriteHead;\n```\n\n## Usage:\n\nTo properly use the router, first create a separate file(s) with your request/response handler functions. For example:\n\n```\nfunction upload() {\n    /* put handler functionality here */\n}\n```\n\nThen, register your handlers with the router via the Router.setRoute() method.\n\n## Redirection:\n\nThe router allows you to register redirections for any incoming urls with the setRedirect() method. You can also set a redirection status of either 301 or 302. When the router detects that an incoming request is pointed at a redirected url, it will automatically re-point the url to the correct request handler.\n\nBe sure to have set up a route handler (via setRoutes()) for your redirection url, otherwise setting a redirect will result in a 404 error.\n\nYou can check if a url has a registered redirect with the getRedirect() method.\n\n## Response writeHead:\n\nInstead of writing out response.WriteHead like so,\n\n```\nmyRouter.get(\'/awesome\', function(req, res){\n**res.writeHead(200, { \'Content-Type\': \'text/plain\'});**\n  res.write(\'wow, so awesome, such router\');\n  res.end();\n});\n```\nsimply include in the resWriteHead function.\n```\nmyRouter.get(\'/awesome\', function(req, res){\n**resWriteHead(200, \'text/plain\');**\n  res.write(\'wow, so awesome, such router\');\n  res.end();\n});\n```\n\n## Functions:\n\n   + Basic Router\n\n        Router.setRoute(method, route, handler);\n\n        Router.getRoute(req, res);\n\n   + Url Request/Response Logger\n\n        Logger.logReq(req);\n\n        Logger.logRes(res);\n\n        Logger.clearResLogs();\n\n        Logger.clearReqLogs();\n\n        Logger.makeReqLog(req);\n\n        Logger.makeResLog(res);\n\n        Logger.writeFile(logFolder, data);\n\n\n   + Redirect Support\n\n        Router.setRedirect(url, redirect, type);\n\n        Router.getRedirect(url);\n\n\n   + Response writeHead encapsulation\n\n        resWriteHead(status code, \'MIME-type\');\n\n\n## License: MIT\n\nCopyright (c) <2015> <David Vicklund, Ryan Heathers, Jack Sneed>\n\n\n\nPermission is hereby granted, free of charge, to any person obtaining a copy\nof this software and associated documentation files (the "Software"), to deal\nin the Software without restriction, including without limitation the rights\nto use, copy, modify, merge, publish, distribute, sublicense, and/or sell\ncopies of the Software, and to permit persons to whom the Software is\nfurnished to do so, subject to the following conditions:\n\n\n\nThe above copyright notice and this permission notice shall be included in\nall copies or substantial portions of the Software.\n\n\n\nTHE SOFTWARE IS PROVIDED "AS IS", WITHOUT WARRANTY OF ANY KIND, EXPRESS OR\nIMPLIED, INCLUDING BUT NOT LIMITED TO THE WARRANTIES OF MERCHANTABILITY,\nFITNESS FOR A PARTICULAR PURPOSE AND NONINFRINGEMENT.  IN NO EVENT SHALL THE\nAUTHORS OR COPYRIGHT HOLDERS BE LIABLE FOR ANY CLAIM, DAMAGES OR OTHER\nLIABILITY, WHETHER IN AN ACTION OF CONTRACT, TORT OR OTHERWISE, ARISING FROM,\nOUT OF OR IN CONNECTION WITH THE SOFTWARE OR THE USE OR OTHER DEALINGS IN\nTHE SOFTWARE.\n',
19 silly publish   readmeFilename: 'README.md',
19 silly publish   gitHead: '4fd905b2859a74b90a66b6119c282a02b3135e36',
19 silly publish   _id: 'router-sprouter@0.1.1',
19 silly publish   _shasum: '7a689b53d570b21ac6648135795ea334f30c72eb',
19 silly publish   _from: '.' }
20 verbose getPublishConfig undefined
21 silly mapToRegistry name router-sprouter
22 silly mapToRegistry using default registry
23 silly mapToRegistry registry https://registry.npmjs.org/
24 silly mapToRegistry uri https://registry.npmjs.org/router-sprouter
25 verbose publish registryBase https://registry.npmjs.org/
26 silly publish uploading /Users/ryan/.npm/router-sprouter/0.1.1/package.tgz
27 verbose request uri https://registry.npmjs.org/router-sprouter
28 verbose request sending authorization for write operation
29 info attempt registry request try #1 at 17:27:21
30 verbose request using bearer token for auth
31 verbose request id f137ffdae6f199fa
32 http request PUT https://registry.npmjs.org/router-sprouter
33 http 403 https://registry.npmjs.org/router-sprouter
34 verbose headers { 'content-type': 'application/json',
34 verbose headers   'cache-control': 'max-age=60',
34 verbose headers   'content-length': '107',
34 verbose headers   'accept-ranges': 'bytes',
34 verbose headers   date: 'Tue, 10 Nov 2015 01:27:21 GMT',
34 verbose headers   via: '1.1 varnish',
34 verbose headers   connection: 'keep-alive',
34 verbose headers   'x-served-by': 'cache-sjc3123-SJC',
34 verbose headers   'x-cache': 'MISS',
34 verbose headers   'x-cache-hits': '0',
34 verbose headers   'x-timer': 'S1447118841.566775,VS0,VE143' }
35 verbose request invalidating /Users/ryan/.npm/registry.npmjs.org/router-sprouter on PUT
36 error publish Failed PUT 403
37 verbose stack Error: You do not have permission to publish 'router-sprouter'. Are you logged in as the correct user? : router-sprouter
37 verbose stack     at makeError (/Users/ryan/.npm-packages/lib/node_modules/npm/node_modules/npm-registry-client/lib/request.js:264:12)
37 verbose stack     at CachingRegistryClient.<anonymous> (/Users/ryan/.npm-packages/lib/node_modules/npm/node_modules/npm-registry-client/lib/request.js:252:14)
37 verbose stack     at Request._callback (/Users/ryan/.npm-packages/lib/node_modules/npm/node_modules/npm-registry-client/lib/request.js:172:14)
37 verbose stack     at Request.self.callback (/Users/ryan/.npm-packages/lib/node_modules/npm/node_modules/request/request.js:198:22)
37 verbose stack     at Request.emit (events.js:110:17)
37 verbose stack     at Request.<anonymous> (/Users/ryan/.npm-packages/lib/node_modules/npm/node_modules/request/request.js:1082:10)
37 verbose stack     at Request.emit (events.js:129:20)
37 verbose stack     at IncomingMessage.<anonymous> (/Users/ryan/.npm-packages/lib/node_modules/npm/node_modules/request/request.js:1009:12)
37 verbose stack     at IncomingMessage.emit (events.js:129:20)
37 verbose stack     at _stream_readable.js:908:16
38 verbose statusCode 403
39 verbose pkgid router-sprouter
40 verbose cwd /Users/ryan/Documents/codefellows/accelerator/nov6/router-sprouter
41 error Darwin 15.0.0
42 error argv "node" "/Users/ryan/.npm-packages/bin/npm" "publish"
43 error node v0.12.7
44 error npm  v3.3.9
45 error code E403
46 error You do not have permission to publish 'router-sprouter'. Are you logged in as the correct user? : router-sprouter
47 error If you need help, you may report this error at:
47 error     <https://github.com/npm/npm/issues>
48 verbose exit [ 1, true ]
